# Integration test for Aave (Pre-revision)

The following represents a list of the results (pass/fail) of running the aave v2 contracts and their respective tests 
([available here](https://github.com/aave/protocol-v2)) after rebasing the testing suite with the revisions-rpc branch.


## Failed tests

> protocol-v2@1.0.0 test
> hardhat test ./test/*.spec.ts

(node:12033) Warning: Accessing non-existent property 'INVALID_ALT_NUMBER' of module exports inside circular dependency
(Use `node --trace-warnings ...` to show where the warning was created)
(node:12033) Warning: Accessing non-existent property 'INVALID_ALT_NUMBER' of module exports inside circular dependency
Creating Typechain artifacts in directory types for target ethers-v5
Successfully generated Typechain artifacts!

-> Deploying test environment...

  1) "before all" hook in "{root}"
·------------------------|---------------------------|-----------|----------------------------·
|  Solc version: 0.6.12  ·  Optimizer enabled: true  ·  Runs: 1  ·  Block limit: 6718946 gas  │
·························|···························|···········|·····························
|  Methods                                                                                    │
··············|··········|·············|·············|···········|·············|···············
|  Contract   ·  Method  ·  Min        ·  Max        ·  Avg      ·  # calls    ·  eur (avg)   │
·-------------|----------|-------------|-------------|-----------|-------------|--------------·

  0 passing (2m)
  1 failing

  1) "before all" hook in "{root}":
     FetchError: request to http://127.0.0.1:23889/ failed, reason: socket hang up
      at ClientRequest.<anonymous> (node_modules/node-fetch/lib/index.js:1461:11)
      at ClientRequest.emit (node:events:376:20)
      at Socket.socketOnEnd (node:_http_client:498:9)
      at Socket.emit (node:events:388:22)
      at endReadableNT (node:internal/streams/readable:1305:12)
      at processTicksAndRejections (node:internal/process/task_queues:80:21)



npm ERR! code 1
npm ERR! path /mnt/d/go-workspace/src/github.com/qtumproject/janus/testing/aave
npm ERR! command failed
npm ERR! command sh -c hardhat test ./test/*.spec.ts

npm ERR! A complete log of this run can be found in:
npm ERR!     /home/dferret/.npm/_logs/2021-01-27T22_17_19_312Z-debug.log